<?xml version="1.0" encoding="UTF-8"?>
<!-- Generated by org.testng.reporters.JUnitReportReporter -->
<testsuite hostname="Amruthas-MacBook-Air.local" failures="0" tests="6" name="api.test.DataDrivenTests" time="11.967" errors="0" timestamp="2025-09-15T11:51:40 IST" skipped="0">
  <testcase classname="api.test.DataDrivenTests" name="testPostUser" time="1.773"/>
  <testcase classname="api.test.DataDrivenTests" name="testPostUser" time="2.575"/>
  <testcase classname="api.test.DataDrivenTests" name="testPostUser" time="1.946"/>
  <testcase classname="api.test.DataDrivenTests" name="testDeleteUserByName" time="1.892"/>
  <testcase classname="api.test.DataDrivenTests" name="testDeleteUserByName" time="1.840"/>
  <testcase classname="api.test.DataDrivenTests" name="testDeleteUserByName" time="1.941"/>
</testsuite> <!-- api.test.DataDrivenTests -->
